Arguments: 
  /usr/bin/node /usr/share/yarn/bin/yarn.js build

PATH: 
  /home/jeremy/.local/bin:/home/jeremy/.nix-profile/bin:/nix/var/nix/profiles/default/bin:/home/jeremy/.local/bin:/home/jeremy/.nix-profile/bin:/nix/var/nix/profiles/default/bin:/usr/local/sbin:/usr/local/bin:/usr/sbin:/usr/bin:/sbin:/bin:/usr/games:/usr/local/games:/snap/bin:/home/jeremy/.yarn/bin

Yarn version: 
  1.21.1

Node version: 
  8.10.0

Platform: 
  linux x64

Trace: 
  SyntaxError: /home/jeremy/swgoh-mods/package.json: Unexpected token } in JSON at position 316
      at JSON.parse (<anonymous>)
      at /usr/share/yarn/lib/cli.js:1625:59
      at Generator.next (<anonymous>)
      at step (/usr/share/yarn/lib/cli.js:310:30)
      at /usr/share/yarn/lib/cli.js:321:13
      at <anonymous>

npm manifest: 
  {
    "name": "swgoh-mods",
    "version": "0.1.0",
    "scripts": {
      "build": "bsb -make-world",
      "start": "bsb -make-world -w",
      "clean": "bsb -clean-world"
    },
    "keywords": [
      "BuckleScript"
    ],
    "author": "",
    "license": "MIT",
    "dependencies": {
      "bs-aeson": "^3.2.0",
      "bs-guid": "^1.0.1",
    },
    "devDependencies": {
      "bs-platform": "^7.0.1"
    }
  }

yarn manifest: 
  No manifest

Lockfile: 
  # THIS IS AN AUTOGENERATED FILE. DO NOT EDIT THIS FILE DIRECTLY.
  # yarn lockfile v1
  
  
  bcryptjs@^2.4.3:
    version "2.4.3"
    resolved "https://registry.yarnpkg.com/bcryptjs/-/bcryptjs-2.4.3.tgz#9ab5627b93e60621ff7cdac5da9733027df1d0cb"
    integrity sha1-mrVie5PmBiH/fNrF2pczAn3x0Ms=
  
  bs-aeson@^3.2.0:
    version "3.2.0"
    resolved "https://registry.yarnpkg.com/bs-aeson/-/bs-aeson-3.2.0.tgz#f96c4d1f93a4f1cc0e1842026fd0e1f994f2ce83"
    integrity sha512-Dj+qeZmhrDqLXuYdS1wV//OIZxq+Sdpy/7xQIfP46LF42hB6juNHiscEjIMkSEZLshEiQfsy5QffTvJqR7TNCw==
  
  bs-bcrypt@^2.0.0:
    version "2.0.0"
    resolved "https://registry.yarnpkg.com/bs-bcrypt/-/bs-bcrypt-2.0.0.tgz#62d730b6f1f5b1579747402eb2136a38a1cd6183"
    integrity sha1-YtcwtvH1sVeXR0AushNqOKHNYYM=
    dependencies:
      bcryptjs "^2.4.3"
  
  bs-guid@^1.0.1:
    version "1.0.1"
    resolved "https://registry.yarnpkg.com/bs-guid/-/bs-guid-1.0.1.tgz#d605a2fa054f7216b3265d20fbaf2af9fbee3d7d"
    integrity sha512-vCMybqa8o4Gba86rItT2Uppvb3w9tFp+G9E5VfXCP/HVaeyit8dadvpLF6duZpH8TEnHvyD8nTovMU8ZypA2lQ==
    dependencies:
      uuid "^3.3.2"
  
  bs-password@^1.0.2:
    version "1.0.2"
    resolved "https://registry.yarnpkg.com/bs-password/-/bs-password-1.0.2.tgz#4a7eaa7ed37bb3734356a45cd1c4039fe74d935c"
    integrity sha512-ihkFOzOJGsVo7y2Ozd3sUz6IC1ONtSHbZ3ATuR3J1T9qeOSbkzs8BNv1vhwQGSbfWNBa7mrf+yzlliTHhA2fJQ==
    dependencies:
      bs-bcrypt "^2.0.0"
      reason-future "^2.2.1"
  
  bs-platform@^7.0.1:
    version "7.0.1"
    resolved "https://registry.yarnpkg.com/bs-platform/-/bs-platform-7.0.1.tgz#1d7b0ef6088b998dceee5db74a7cd8f01c20a3bd"
    integrity sha512-UjStdtHhbtC/l6vKJ1XRDqrPk7rFf5PLYHtRX3akDXEYVnTbN36z0g4DEr5mU8S0N945e33HYts9x+i7hKKpZQ==
  
  reason-future@^2.2.1:
    version "2.5.0"
    resolved "https://registry.yarnpkg.com/reason-future/-/reason-future-2.5.0.tgz#52d91a343f65c6d527cd1cca4685bbc097971c68"
    integrity sha512-rzrMQlRfQYlyiryQQJfgj04IEUN1Eau4JLnorlEVSm6Yxp2Kq6no3p+dWCocz5BLR9wIFPnSFMloLNP4ErK6ag==
  
  uuid@^3.3.2:
    version "3.4.0"
    resolved "https://registry.yarnpkg.com/uuid/-/uuid-3.4.0.tgz#b23e4358afa8a202fe7a100af1f5f883f02007ee"
    integrity sha512-HjSDRw6gZE5JMggctHBcjVak08+KEVhSIiDzFnT9S9aegmp85S/bReBVTb4QTFaRNptJ9kuYaNhnbNEOkbKb/A==
